#
# There is insufficient memory for the Java Runtime Environment to continue.
# Native memory allocation (malloc) failed to allocate 164336 bytes for Chunk::new
# Possible reasons:
#   The system is out of physical RAM or swap space
#   The process is running with CompressedOops enabled, and the Java Heap may be blocking the growth of the native heap
# Possible solutions:
#   Reduce memory load on the system
#   Increase physical memory or swap space
#   Check if swap backing store is full
#   Decrease Java heap size (-Xmx/-Xms)
#   Decrease number of Java threads
#   Decrease Java thread stack sizes (-Xss)
#   Set larger code cache with -XX:ReservedCodeCacheSize=
#   JVM is running with Unscaled Compressed Oops mode in which the Java heap is
#     placed in the first 4GB address space. The Java Heap base address is the
#     maximum limit for the native heap growth. Please use -XX:HeapBaseMinAddress
#     to set the Java Heap base and to place the Java Heap above 4GB virtual address.
# This output file may be truncated or incomplete.
#
#  Out of Memory Error (allocation.cpp:389), pid=9628, tid=0x0000000000001e34
#
# JRE version: OpenJDK Runtime Environment (8.0_212-b04) (build 1.8.0_212-release-1586-b04)
# Java VM: OpenJDK 64-Bit Server VM (25.212-b04 mixed mode windows-amd64 compressed oops)
# Failed to write core dump. Minidumps are not enabled by default on client versions of Windows
#

---------------  T H R E A D  ---------------

Current thread (0x00000000143a0800):  JavaThread "C2 CompilerThread1" daemon [_thread_in_native, id=7732, stack(0x0000000015b00000,0x0000000015c00000)]

Stack: [0x0000000015b00000,0x0000000015c00000]
[error occurred during error reporting (printing stack bounds), id 0xc0000005]

Native frames: (J=compiled Java code, j=interpreted, Vv=VM code, C=native code)


Current CompileTask:
C2:  27437 9422       4       sun.nio.fs.NativeBuffers::releaseNativeBuffer (103 bytes)


---------------  P R O C E S S  ---------------

Java Threads: ( => current thread )
  0x0000000015d31800 JavaThread "WorkerExecutor Queue Thread 2" [_thread_blocked, id=12108, stack(0x0000000020e50000,0x0000000020f50000)]
  0x0000000015d2d800 JavaThread "stdout" [_thread_in_native, id=14200, stack(0x0000000021440000,0x0000000021540000)]
  0x0000000015d2f000 JavaThread "stderr" [_thread_in_native, id=9624, stack(0x0000000021340000,0x0000000021440000)]
  0x0000000015d32000 JavaThread "pool-2-thread-1" [_thread_blocked, id=10136, stack(0x0000000020b50000,0x0000000020c50000)]
  0x0000000015d2e800 JavaThread "WorkerExecutor Queue" [_thread_blocked, id=1824, stack(0x0000000020a50000,0x0000000020b50000)]
  0x000000001a23b800 JavaThread "Cache worker for execution history cache (C:\Users\Ahmad Jaber\Desktop\project2v001\.gradle\5.6.4\executionHistory)" [_thread_blocked, id=13048, stack(0x0000000020750000,0x0000000020850000)]
  0x000000001a23e000 JavaThread "Execution worker for ':' Thread 3" [_thread_blocked, id=5468, stack(0x0000000020450000,0x0000000020550000)]
  0x000000001a23d000 JavaThread "Execution worker for ':' Thread 2" [_thread_blocked, id=14252, stack(0x0000000020350000,0x0000000020450000)]
  0x000000001a23a000 JavaThread "Execution worker for ':'" [_thread_blocked, id=1820, stack(0x0000000020250000,0x0000000020350000)]
  0x000000001a232800 JavaThread "Cache worker for file content cache (C:\Users\Ahmad Jaber\Desktop\project2v001\.gradle\5.6.4\fileContent)" [_thread_blocked, id=3116, stack(0x000000001fd50000,0x000000001fe50000)]
  0x000000001a233800 JavaThread "Cache worker for file content cache (C:\Users\Ahmad Jaber\.gradle\caches\5.6.4\fileContent)" [_thread_blocked, id=6152, stack(0x000000001fc50000,0x000000001fd50000)]
  0x000000001a239800 JavaThread "Memory manager" [_thread_blocked, id=6672, stack(0x000000001f330000,0x000000001f430000)]
  0x000000001a231000 JavaThread "Cache worker for Build Output Cleanup Cache (C:\Users\Ahmad Jaber\Desktop\project2v001\.gradle\buildOutputCleanup)" [_thread_blocked, id=10476, stack(0x000000001f030000,0x000000001f130000)]
  0x000000001a237000 JavaThread "Build operations Thread 4" [_thread_blocked, id=8320, stack(0x000000001e710000,0x000000001e810000)]
  0x000000001a234000 JavaThread "Build operations Thread 3" [_thread_blocked, id=4908, stack(0x000000001e610000,0x000000001e710000)]
  0x000000001a236800 JavaThread "Build operations Thread 2" [_thread_blocked, id=13072, stack(0x000000001e510000,0x000000001e610000)]
  0x000000001a238000 JavaThread "Build operations" [_thread_blocked, id=4700, stack(0x000000001e410000,0x000000001e510000)]
  0x000000001a230800 JavaThread "Cache worker for execution history cache (C:\Users\Ahmad Jaber\.gradle\caches\5.6.4\executionHistory)" [_thread_blocked, id=10160, stack(0x000000001e310000,0x000000001e410000)]
  0x000000001a235800 JavaThread "Cache worker for cache directory md-rule (C:\Users\Ahmad Jaber\.gradle\caches\5.6.4\md-rule)" [_thread_blocked, id=9560, stack(0x000000001c4c0000,0x000000001c5c0000)]
  0x000000001a235000 JavaThread "Cache worker for cache directory md-supplier (C:\Users\Ahmad Jaber\.gradle\caches\5.6.4\md-supplier)" [_thread_blocked, id=6852, stack(0x000000001e210000,0x000000001e310000)]
  0x00000000171f2800 JavaThread "Cache worker for file hash cache (C:\Users\Ahmad Jaber\Desktop\project2v001\.gradle\5.6.4\fileHashes)" [_thread_blocked, id=12928, stack(0x000000001c1c0000,0x000000001c2c0000)]
  0x00000000171f4000 JavaThread "Cache worker for journal cache (C:\Users\Ahmad Jaber\.gradle\caches\journal-1)" [_thread_blocked, id=11252, stack(0x000000001a120000,0x000000001a220000)]
  0x00000000171f4800 JavaThread "File lock request listener" [_thread_in_native, id=1948, stack(0x000000001a020000,0x000000001a120000)]
  0x00000000171f8800 JavaThread "Cache worker for file hash cache (C:\Users\Ahmad Jaber\.gradle\caches\5.6.4\fileHashes)" [_thread_blocked, id=9656, stack(0x0000000019d20000,0x0000000019e20000)]
  0x0000000017def000 JavaThread "Thread-9" [_thread_blocked, id=12672, stack(0x0000000019c20000,0x0000000019d20000)]
  0x0000000017dcc000 JavaThread "Stdin handler" [_thread_blocked, id=6880, stack(0x0000000019b20000,0x0000000019c20000)]
  0x0000000017dc9800 JavaThread "Asynchronous log dispatcher for DefaultDaemonConnection: socket connection from /127.0.0.1:50718 to /127.0.0.1:50719" [_thread_blocked, id=2344, stack(0x0000000019a20000,0x0000000019b20000)]
  0x0000000017dc7800 JavaThread "Daemon worker" [_thread_in_native, id=14184, stack(0x0000000019920000,0x0000000019a20000)]
  0x0000000017dbe000 JavaThread "Cancel handler" [_thread_blocked, id=7500, stack(0x0000000019820000,0x0000000019920000)]
  0x00000000177a0000 JavaThread "Handler for socket connection from /127.0.0.1:50718 to /127.0.0.1:50719" [_thread_in_native, id=5236, stack(0x0000000019520000,0x0000000019620000)]
  0x000000001779d000 JavaThread "Daemon" [_thread_blocked, id=6156, stack(0x0000000019420000,0x0000000019520000)]
  0x0000000017b1b000 JavaThread "Daemon periodic checks" [_thread_blocked, id=7400, stack(0x0000000019320000,0x0000000019420000)]
  0x0000000017c6a000 JavaThread "Incoming local TCP Connector on port 50718" [_thread_in_native, id=2580, stack(0x00000000190e0000,0x00000000191e0000)]
  0x0000000017a4d800 JavaThread "Daemon health stats" [_thread_blocked, id=7352, stack(0x0000000018aa0000,0x0000000018ba0000)]
  0x0000000015d28800 JavaThread "Service Thread" daemon [_thread_blocked, id=8756, stack(0x0000000016100000,0x0000000016200000)]
  0x00000000143aa800 JavaThread "C1 CompilerThread2" daemon [_thread_blocked, id=1028, stack(0x0000000015c00000,0x0000000015d00000)]
=>0x00000000143a0800 JavaThread "C2 CompilerThread1" daemon [_thread_in_native, id=7732, stack(0x0000000015b00000,0x0000000015c00000)]
  0x000000001439c800 JavaThread "C2 CompilerThread0" daemon [_thread_in_vm, id=7604, stack(0x0000000015a00000,0x0000000015b00000)]
  0x000000001439b000 JavaThread "Attach Listener" daemon [_thread_blocked, id=5396, stack(0x0000000015900000,0x0000000015a00000)]
  0x0000000014399800 JavaThread "Signal Dispatcher" daemon [_thread_blocked, id=4736, stack(0x0000000015800000,0x0000000015900000)]
  0x0000000002f6b000 JavaThread "Finalizer" daemon [_thread_blocked, id=4028, stack(0x00000000155f0000,0x00000000156f0000)]
  0x0000000014389000 JavaThread "Reference Handler" daemon [_thread_blocked, id=2132, stack(0x00000000154f0000,0x00000000155f0000)]
  0x000000000302d800 JavaThread "main" [_thread_blocked, id=5592, stack(0x0000000002d40000,0x0000000002e40000)]

Other Threads:
  0x0000000014366000 VMThread [stack: 0x00000000153f0000,0x00000000154f0000] [id=2620]
  0x00000000143fb000 WatcherThread [stack: 0x0000000016200000,0x0000000016300000] [id=7832]

VM state:not at safepoint (normal execution)

VM Mutex/Monitor currently owned by a thread: None

OutOfMemory and StackOverflow Exception counts:
OutOfMemoryError java_heap_errors=1

heap address: 0x00000000e0000000, size: 512 MB, Compressed Oops mode: 32-bit
Narrow klass base: 0x0000000000000000, Narrow klass shift: 3
Compressed class space size: 1073741824 Address: 0x0000000100000000

Heap:
 PSYoungGen      total 151552K, used 94448K [0x00000000f5580000, 0x0000000100000000, 0x0000000100000000)
  eden space 130560K, 59% used [0x00000000f5580000,0x00000000fa14a020,0x00000000fd500000)
  from space 20992K, 80% used [0x00000000feb80000,0x00000000ffbf2280,0x0000000100000000)
  to   space 22016K, 0% used [0x00000000fd500000,0x00000000fd500000,0x00000000fea80000)
 ParOldGen       total 230912K, used 35560K [0x00000000e0000000, 0x00000000ee180000, 0x00000000f5580000)
  object space 230912K, 15% used [0x00000000e0000000,0x00000000e22ba218,0x00000000ee180000)
 Metaspace       used 64990K, capacity 67422K, committed 67584K, reserved 1107968K
  class space    used 8816K, capacity 9353K, committed 9472K, reserved 1048576K

Card table byte_map: [0x00000000123f0000,0x0000000012500000] byte_map_base: 0x0000000011cf0000

Marking Bits: (ParMarkBitMap*) 0x000000006a7d9f30
 Begin Bits: [0x0000000012900000, 0x0000000013100000)
 End Bits:   [0x0000000013100000, 0x0000000013900000)

Polling page: 0x0000000001060000

CodeCache: size=245760Kb used=26125Kb max_used=26125Kb free=219634Kb
 bounds [0x0000000003030000, 0x00000000049d0000, 0x0000000012030000]
 total_blobs=8974 nmethods=8162 adapters=723
 compilation: enabled

Compilation events (10 events):
Event: 27.419 Thread 0x00000000143aa800 9421       3       java.lang.Exception::<init> (6 bytes)
Event: 27.420 Thread 0x00000000143aa800 nmethod 9421 0x00000000049bfb90 code [0x00000000049bfd00, 0x00000000049c0048]
Event: 27.422 Thread 0x00000000143a0800 9422       4       sun.nio.fs.NativeBuffers::releaseNativeBuffer (103 bytes)
Event: 27.424 Thread 0x000000001439c800 9423       4       sun.nio.fs.NativeBuffers::getNativeBufferFromCache (51 bytes)
Event: 27.431 Thread 0x00000000143aa800 9424       3       java.io.FileInputStream::read (9 bytes)
Event: 27.431 Thread 0x00000000143aa800 nmethod 9424 0x00000000049c4e10 code [0x00000000049c4f80, 0x00000000049c5108]
Event: 27.432 Thread 0x00000000143aa800 9425       3       com.google.common.io.ByteStreams$1::write (6 bytes)
Event: 27.433 Thread 0x00000000143aa800 nmethod 9425 0x00000000049c48d0 code [0x00000000049c4a40, 0x00000000049c4ce8]
Event: 27.433 Thread 0x00000000143aa800 9426       3       org.gradle.internal.hash.Hashing$MessageDigestHasher::putBytes (11 bytes)
Event: 27.433 Thread 0x00000000143aa800 nmethod 9426 0x00000000049c4210 code [0x00000000049c43a0, 0x00000000049c4718]

GC Heap History (10 events):
Event: 16.126 GC heap before
{Heap before GC invocations=11 (full 2):
 PSYoungGen      total 157696K, used 157675K [0x00000000f5580000, 0x0000000100000000, 0x0000000100000000)
  eden space 144896K, 100% used [0x00000000f5580000,0x00000000fe300000,0x00000000fe300000)
  from space 12800K, 99% used [0x00000000ff380000,0x00000000ffffadf0,0x0000000100000000)
  to   space 14848K, 0% used [0x00000000fe300000,0x00000000fe300000,0x00000000ff180000)
 ParOldGen       total 175104K, used 19810K [0x00000000e0000000, 0x00000000eab00000, 0x00000000f5580000)
  object space 175104K, 11% used [0x00000000e0000000,0x00000000e1358800,0x00000000eab00000)
 Metaspace       used 54726K, capacity 56524K, committed 56704K, reserved 1097728K
  class space    used 7549K, capacity 7998K, committed 8064K, reserved 1048576K
Event: 16.164 GC heap after
Heap after GC invocations=11 (full 2):
 PSYoungGen      total 159744K, used 14845K [0x00000000f5580000, 0x0000000100000000, 0x0000000100000000)
  eden space 144896K, 0% used [0x00000000f5580000,0x00000000f5580000,0x00000000fe300000)
  from space 14848K, 99% used [0x00000000fe300000,0x00000000ff17f578,0x00000000ff180000)
  to   space 14848K, 0% used [0x00000000ff180000,0x00000000ff180000,0x0000000100000000)
 ParOldGen       total 175104K, used 26204K [0x00000000e0000000, 0x00000000eab00000, 0x00000000f5580000)
  object space 175104K, 14% used [0x00000000e0000000,0x00000000e1997360,0x00000000eab00000)
 Metaspace       used 54726K, capacity 56524K, committed 56704K, reserved 1097728K
  class space    used 7549K, capacity 7998K, committed 8064K, reserved 1048576K
}
Event: 17.794 GC heap before
{Heap before GC invocations=12 (full 2):
 PSYoungGen      total 159744K, used 68533K [0x00000000f5580000, 0x0000000100000000, 0x0000000100000000)
  eden space 144896K, 37% used [0x00000000f5580000,0x00000000f89edf70,0x00000000fe300000)
  from space 14848K, 99% used [0x00000000fe300000,0x00000000ff17f578,0x00000000ff180000)
  to   space 14848K, 0% used [0x00000000ff180000,0x00000000ff180000,0x0000000100000000)
 ParOldGen       total 175104K, used 26204K [0x00000000e0000000, 0x00000000eab00000, 0x00000000f5580000)
  object space 175104K, 14% used [0x00000000e0000000,0x00000000e1997360,0x00000000eab00000)
 Metaspace       used 57195K, capacity 59064K, committed 59096K, reserved 1099776K
  class space    used 7863K, capacity 8318K, committed 8320K, reserved 1048576K
Event: 17.872 GC heap after
Heap after GC invocations=12 (full 2):
 PSYoungGen      total 145408K, used 14817K [0x00000000f5580000, 0x0000000100000000, 0x0000000100000000)
  eden space 130560K, 0% used [0x00000000f5580000,0x00000000f5580000,0x00000000fd500000)
  from space 14848K, 99% used [0x00000000ff180000,0x00000000ffff86d0,0x0000000100000000)
  to   space 22016K, 0% used [0x00000000fd500000,0x00000000fd500000,0x00000000fea80000)
 ParOldGen       total 175104K, used 32205K [0x00000000e0000000, 0x00000000eab00000, 0x00000000f5580000)
  object space 175104K, 18% used [0x00000000e0000000,0x00000000e1f73478,0x00000000eab00000)
 Metaspace       used 57195K, capacity 59064K, committed 59096K, reserved 1099776K
  class space    used 7863K, capacity 8318K, committed 8320K, reserved 1048576K
}
Event: 17.872 GC heap before
{Heap before GC invocations=13 (full 3):
 PSYoungGen      total 145408K, used 14817K [0x00000000f5580000, 0x0000000100000000, 0x0000000100000000)
  eden space 130560K, 0% used [0x00000000f5580000,0x00000000f5580000,0x00000000fd500000)
  from space 14848K, 99% used [0x00000000ff180000,0x00000000ffff86d0,0x0000000100000000)
  to   space 22016K, 0% used [0x00000000fd500000,0x00000000fd500000,0x00000000fea80000)
 ParOldGen       total 175104K, used 32205K [0x00000000e0000000, 0x00000000eab00000, 0x00000000f5580000)
  object space 175104K, 18% used [0x00000000e0000000,0x00000000e1f73478,0x00000000eab00000)
 Metaspace       used 57195K, capacity 59064K, committed 59096K, reserved 1099776K
  class space    used 7863K, capacity 8318K, committed 8320K, reserved 1048576K
Event: 18.263 GC heap after
Heap after GC invocations=13 (full 3):
 PSYoungGen      total 145408K, used 0K [0x00000000f5580000, 0x0000000100000000, 0x0000000100000000)
  eden space 130560K, 0% used [0x00000000f5580000,0x00000000f5580000,0x00000000fd500000)
  from space 14848K, 0% used [0x00000000ff180000,0x00000000ff180000,0x0000000100000000)
  to   space 22016K, 0% used [0x00000000fd500000,0x00000000fd500000,0x00000000fea80000)
 ParOldGen       total 230912K, used 35544K [0x00000000e0000000, 0x00000000ee180000, 0x00000000f5580000)
  object space 230912K, 15% used [0x00000000e0000000,0x00000000e22b6218,0x00000000ee180000)
 Metaspace       used 57195K, capacity 59064K, committed 59096K, reserved 1099776K
  class space    used 7863K, capacity 8318K, committed 8320K, reserved 1048576K
}
Event: 20.853 GC heap before
{Heap before GC invocations=14 (full 3):
 PSYoungGen      total 145408K, used 130560K [0x00000000f5580000, 0x0000000100000000, 0x0000000100000000)
  eden space 130560K, 100% used [0x00000000f5580000,0x00000000fd500000,0x00000000fd500000)
  from space 14848K, 0% used [0x00000000ff180000,0x00000000ff180000,0x0000000100000000)
  to   space 22016K, 0% used [0x00000000fd500000,0x00000000fd500000,0x00000000fea80000)
 ParOldGen       total 230912K, used 35544K [0x00000000e0000000, 0x00000000ee180000, 0x00000000f5580000)
  object space 230912K, 15% used [0x00000000e0000000,0x00000000e22b6218,0x00000000ee180000)
 Metaspace       used 59292K, capacity 61488K, committed 61696K, reserved 1101824K
  class space    used 8138K, capacity 8632K, committed 8704K, reserved 1048576K
Event: 20.869 GC heap after
Heap after GC invocations=14 (full 3):
 PSYoungGen      total 152576K, used 10855K [0x00000000f5580000, 0x0000000100000000, 0x0000000100000000)
  eden space 130560K, 0% used [0x00000000f5580000,0x00000000f5580000,0x00000000fd500000)
  from space 22016K, 49% used [0x00000000fd500000,0x00000000fdf99f20,0x00000000fea80000)
  to   space 20992K, 0% used [0x00000000feb80000,0x00000000feb80000,0x0000000100000000)
 ParOldGen       total 230912K, used 35552K [0x00000000e0000000, 0x00000000ee180000, 0x00000000f5580000)
  object space 230912K, 15% used [0x00000000e0000000,0x00000000e22b8218,0x00000000ee180000)
 Metaspace       used 59292K, capacity 61488K, committed 61696K, reserved 1101824K
  class space    used 8138K, capacity 8632K, committed 8704K, reserved 1048576K
}
Event: 23.603 GC heap before
{Heap before GC invocations=15 (full 3):
 PSYoungGen      total 152576K, used 141415K [0x00000000f5580000, 0x0000000100000000, 0x0000000100000000)
  eden space 130560K, 100% used [0x00000000f5580000,0x00000000fd500000,0x00000000fd500000)
  from space 22016K, 49% used [0x00000000fd500000,0x00000000fdf99f20,0x00000000fea80000)
  to   space 20992K, 0% used [0x00000000feb80000,0x00000000feb80000,0x0000000100000000)
 ParOldGen       total 230912K, used 35552K [0x00000000e0000000, 0x00000000ee180000, 0x00000000f5580000)
  object space 230912K, 15% used [0x00000000e0000000,0x00000000e22b8218,0x00000000ee180000)
 Metaspace       used 62756K, capacity 65156K, committed 65280K, reserved 1105920K
  class space    used 8595K, capacity 9134K, committed 9216K, reserved 1048576K
Event: 23.625 GC heap after
Heap after GC invocations=15 (full 3):
 PSYoungGen      total 151552K, used 16840K [0x00000000f5580000, 0x0000000100000000, 0x0000000100000000)
  eden space 130560K, 0% used [0x00000000f5580000,0x00000000f5580000,0x00000000fd500000)
  from space 20992K, 80% used [0x00000000feb80000,0x00000000ffbf2280,0x0000000100000000)
  to   space 22016K, 0% used [0x00000000fd500000,0x00000000fd500000,0x00000000fea80000)
 ParOldGen       total 230912K, used 35560K [0x00000000e0000000, 0x00000000ee180000, 0x00000000f5580000)
  object space 230912K, 15% used [0x00000000e0000000,0x00000000e22ba218,0x00000000ee180000)
 Metaspace       used 62756K, capacity 65156K, committed 65280K, reserved 1105920K
  class space    used 8595K, capacity 9134K, committed 9216K, reserved 1048576K
}

Deoptimization events (10 events):
Event: 27.051 Thread 0x0000000015d2e800 Uncommon trap: reason=bimorphic action=maybe_recompile pc=0x000000000494c65c method=com.android.ide.common.symbols.SymbolTable$getSymbolByResourceType$$inlined$compareBy$1.compare(Ljava/lang/Object;Ljava/lang/Object;)I @ 13
Event: 27.051 Thread 0x0000000015d2e800 Uncommon trap: reason=bimorphic action=maybe_recompile pc=0x000000000494c65c method=com.android.ide.common.symbols.SymbolTable$getSymbolByResourceType$$inlined$compareBy$1.compare(Ljava/lang/Object;Ljava/lang/Object;)I @ 13
Event: 27.051 Thread 0x0000000015d2e800 Uncommon trap: reason=bimorphic action=maybe_recompile pc=0x000000000494c65c method=com.android.ide.common.symbols.SymbolTable$getSymbolByResourceType$$inlined$compareBy$1.compare(Ljava/lang/Object;Ljava/lang/Object;)I @ 13
Event: 27.053 Thread 0x0000000015d2e800 Uncommon trap: reason=bimorphic action=maybe_recompile pc=0x00000000036d69ac method=com.google.common.base.CharMatcher.indexIn(Ljava/lang/CharSequence;I)I @ 31
Event: 27.053 Thread 0x0000000015d2e800 Uncommon trap: reason=bimorphic action=maybe_recompile pc=0x00000000036d69ac method=com.google.common.base.CharMatcher.indexIn(Ljava/lang/CharSequence;I)I @ 31
Event: 27.053 Thread 0x0000000015d2e800 Uncommon trap: reason=bimorphic action=maybe_recompile pc=0x00000000036d69ac method=com.google.common.base.CharMatcher.indexIn(Ljava/lang/CharSequence;I)I @ 31
Event: 27.053 Thread 0x0000000015d2e800 Uncommon trap: reason=bimorphic action=maybe_recompile pc=0x00000000036d69ac method=com.google.common.base.CharMatcher.indexIn(Ljava/lang/CharSequence;I)I @ 31
Event: 27.103 Thread 0x0000000015d2e800 Uncommon trap: reason=unstable_if action=reinterpret pc=0x000000000494dec8 method=org.objectweb.asm.ByteVector.putShort(I)Lorg/objectweb/asm/ByteVector; @ 13
Event: 27.260 Thread 0x0000000015d2e800 Uncommon trap: reason=unstable_if action=reinterpret pc=0x000000000498dd74 method=org.objectweb.asm.MethodWriter.visitLdcInsn(Ljava/lang/Object;)V @ 104
Event: 27.416 Thread 0x0000000017dc7800 Uncommon trap: reason=class_check action=maybe_recompile pc=0x0000000003592740 method=java.lang.Throwable.<init>(Ljava/lang/String;Ljava/lang/Throwable;)V @ 24

Classes redefined (0 events):
No events

Internal exceptions (10 events):
Event: 23.912 Thread 0x0000000017dc7800 Exception <a 'java/lang/NoSuchMethodError': <clinit>> (0x00000000f6ad6230) thrown at [D:\src\AOSP-openjdk-cygwin\jdk8u\hotspot\src\share\vm\prims\jni.cpp, line 1614]
Event: 23.916 Thread 0x0000000017dc7800 Exception <a 'java/lang/NoSuchMethodError': <clinit>> (0x00000000f6b00338) thrown at [D:\src\AOSP-openjdk-cygwin\jdk8u\hotspot\src\share\vm\prims\jni.cpp, line 1614]
Event: 23.938 Thread 0x0000000017dc7800 Exception <a 'java/lang/NoSuchMethodError': <clinit>> (0x00000000f6bdb0e8) thrown at [D:\src\AOSP-openjdk-cygwin\jdk8u\hotspot\src\share\vm\prims\jni.cpp, line 1614]
Event: 23.946 Thread 0x0000000017dc7800 Exception <a 'java/lang/NoSuchMethodError': <clinit>> (0x00000000f6c4f920) thrown at [D:\src\AOSP-openjdk-cygwin\jdk8u\hotspot\src\share\vm\prims\jni.cpp, line 1614]
Event: 24.180 Thread 0x0000000015d2e800 Exception <a 'java/lang/NoSuchMethodError': java.lang.Object.lambda$negate$1(Ljava/lang/Object;)Z> (0x00000000f6f7de28) thrown at [D:\src\AOSP-openjdk-cygwin\jdk8u\hotspot\src\share\vm\interpreter\linkResolver.cpp, line 620]
Event: 26.540 Thread 0x0000000015d2e800 Implicit null exception at 0x00000000045b8c2b to 0x00000000045b8fd8
Event: 26.918 Thread 0x0000000015d2e800 Exception <a 'sun/nio/fs/WindowsException'> (0x00000000f89732d0) thrown at [D:\src\AOSP-openjdk-cygwin\jdk8u\hotspot\src\share\vm\prims\jni.cpp, line 710]
Event: 26.918 Thread 0x0000000015d2e800 Exception <a 'sun/nio/fs/WindowsException'> (0x00000000f8973778) thrown at [D:\src\AOSP-openjdk-cygwin\jdk8u\hotspot\src\share\vm\prims\jni.cpp, line 710]
Event: 27.409 Thread 0x0000000015d2e800 Exception <a 'java/lang/OutOfMemoryError'> (0x00000000fa028ec0) thrown at [D:\src\AOSP-openjdk-cygwin\jdk8u\hotspot\src\share\vm\prims\jni.cpp, line 736]
Event: 27.419 Thread 0x0000000017dc7800 Exception <a 'java/lang/reflect/InvocationTargetException'> (0x00000000f6c78c60) thrown at [D:\src\AOSP-openjdk-cygwin\jdk8u\hotspot\src\share\vm\runtime\reflection.cpp, line 1092]

Events (10 events):
Event: 27.416 Thread 0x0000000017dc7800 DEOPT PACKING pc=0x0000000003592740 sp=0x0000000019a18a10
Event: 27.416 Thread 0x0000000017dc7800 DEOPT UNPACKING pc=0x000000000307557b sp=0x0000000019a189e0 mode 2
Event: 27.416 loading class org/gradle/internal/exceptions/DefaultMultiCauseException$1
Event: 27.416 loading class org/gradle/internal/exceptions/DefaultMultiCauseException$1 done
Event: 27.417 loading class com/android/ide/common/workers/WorkerExecutorException
Event: 27.417 loading class com/android/ide/common/workers/WorkerExecutorException done
Event: 27.418 loading class com/android/ide/common/workers/WorkerExecutorException$Companion
Event: 27.418 loading class com/android/ide/common/workers/WorkerExecutorException$Companion done
Event: 27.419 loading class org/gradle/internal/execution/steps/CatchExceptionStep$1
Event: 27.419 loading class org/gradle/internal/execution/steps/CatchExceptionStep$1 done


Dynamic libraries:
0x00007ff6d4850000 - 0x00007ff6d4881000 	C:\Program Files\Android\Android Studio\jre\bin\java.exe
0x00007ff9391c0000 - 0x00007ff9393b0000 	C:\WINDOWS\SYSTEM32\ntdll.dll
0x00007ff937430000 - 0x00007ff9374e2000 	C:\WINDOWS\System32\KERNEL32.DLL
0x00007ff936df0000 - 0x00007ff937093000 	C:\WINDOWS\System32\KERNELBASE.dll
0x00007ff9390d0000 - 0x00007ff939173000 	C:\WINDOWS\System32\ADVAPI32.dll
0x00007ff937270000 - 0x00007ff93730e000 	C:\WINDOWS\System32\msvcrt.dll
0x00007ff937bd0000 - 0x00007ff937c67000 	C:\WINDOWS\System32\sechost.dll
0x00007ff937a00000 - 0x00007ff937b20000 	C:\WINDOWS\System32\RPCRT4.dll
0x00007ff937860000 - 0x00007ff9379f4000 	C:\WINDOWS\System32\USER32.dll
0x00007ff936380000 - 0x00007ff9363a1000 	C:\WINDOWS\System32\win32u.dll
0x00007ff937400000 - 0x00007ff937426000 	C:\WINDOWS\System32\GDI32.dll
0x00007ff936c30000 - 0x00007ff936dc4000 	C:\WINDOWS\System32\gdi32full.dll
0x00007ff936410000 - 0x00007ff9364ae000 	C:\WINDOWS\System32\msvcp_win.dll
0x00007ff936280000 - 0x00007ff93637a000 	C:\WINDOWS\System32\ucrtbase.dll
0x00007ff91dc90000 - 0x00007ff91df15000 	C:\WINDOWS\WinSxS\amd64_microsoft.windows.common-controls_6595b64144ccf1df_6.0.18362.778_none_e6c6b761130d4fb8\COMCTL32.dll
0x00007ff938b00000 - 0x00007ff938e36000 	C:\WINDOWS\System32\combase.dll
0x00007ff9371f0000 - 0x00007ff937270000 	C:\WINDOWS\System32\bcryptPrimitives.dll
0x00007ff937830000 - 0x00007ff93785e000 	C:\WINDOWS\System32\IMM32.DLL
0x0000000069ce0000 - 0x0000000069db2000 	C:\Program Files\Android\Android Studio\jre\jre\bin\msvcr100.dll
0x000000006a010000 - 0x000000006a856000 	C:\Program Files\Android\Android Studio\jre\jre\bin\server\jvm.dll
0x00007ff9381b0000 - 0x00007ff9381b8000 	C:\WINDOWS\System32\PSAPI.DLL
0x00007ff931cb0000 - 0x00007ff931cba000 	C:\WINDOWS\SYSTEM32\VERSION.dll
0x00007ff92d420000 - 0x00007ff92d444000 	C:\WINDOWS\SYSTEM32\WINMM.dll
0x00007ff92d1e0000 - 0x00007ff92d20d000 	C:\WINDOWS\SYSTEM32\WINMMBASE.dll
0x00007ff936200000 - 0x00007ff93624a000 	C:\WINDOWS\System32\cfgmgr32.dll
0x00007ff931280000 - 0x00007ff931289000 	C:\WINDOWS\SYSTEM32\WSOCK32.dll
0x00007ff938140000 - 0x00007ff9381af000 	C:\WINDOWS\System32\ws2_32.DLL
0x00007ff931270000 - 0x00007ff93127f000 	C:\Program Files\Android\Android Studio\jre\jre\bin\verify.dll
0x00007ff92f120000 - 0x00007ff92f149000 	C:\Program Files\Android\Android Studio\jre\jre\bin\java.dll
0x00007ff92ee50000 - 0x00007ff92ee66000 	C:\Program Files\Android\Android Studio\jre\jre\bin\zip.dll
0x00007ff938410000 - 0x00007ff938af5000 	C:\WINDOWS\System32\SHELL32.dll
0x00007ff937720000 - 0x00007ff9377c9000 	C:\WINDOWS\System32\shcore.dll
0x00007ff9364b0000 - 0x00007ff936c30000 	C:\WINDOWS\System32\windows.storage.dll
0x00007ff936120000 - 0x00007ff936143000 	C:\WINDOWS\System32\profapi.dll
0x00007ff936090000 - 0x00007ff9360da000 	C:\WINDOWS\System32\powrprof.dll
0x00007ff936080000 - 0x00007ff936090000 	C:\WINDOWS\System32\UMPDC.dll
0x00007ff937310000 - 0x00007ff937362000 	C:\WINDOWS\System32\shlwapi.dll
0x00007ff936100000 - 0x00007ff936111000 	C:\WINDOWS\System32\kernel.appcore.dll
0x00007ff936dd0000 - 0x00007ff936de7000 	C:\WINDOWS\System32\cryptsp.dll
0x00007ff92ec80000 - 0x00007ff92ec9a000 	C:\Program Files\Android\Android Studio\jre\jre\bin\net.dll
0x00007ff92a020000 - 0x00007ff92a1f5000 	C:\WINDOWS\SYSTEM32\urlmon.dll
0x00007ff929d70000 - 0x00007ff92a016000 	C:\WINDOWS\SYSTEM32\iertutil.dll
0x00007ff935ac0000 - 0x00007ff935acc000 	C:\WINDOWS\SYSTEM32\CRYPTBASE.DLL
0x00007ff9358f0000 - 0x00007ff935957000 	C:\WINDOWS\system32\mswsock.dll
0x00007ff925f90000 - 0x00007ff925fa3000 	C:\Program Files\Android\Android Studio\jre\jre\bin\nio.dll
0x00007ff9269a0000 - 0x00007ff9269c6000 	C:\Users\Ahmad Jaber\.gradle\native\30\windows-amd64\native-platform.dll
0x00007ff931260000 - 0x00007ff93126d000 	C:\Program Files\Android\Android Studio\jre\jre\bin\management.dll
0x00007ff935460000 - 0x00007ff935493000 	C:\WINDOWS\system32\rsaenh.dll
0x00007ff936250000 - 0x00007ff936276000 	C:\WINDOWS\System32\bcrypt.dll
0x00007ff935f70000 - 0x00007ff935f95000 	C:\WINDOWS\SYSTEM32\USERENV.dll
0x00007ff935600000 - 0x00007ff93563a000 	C:\WINDOWS\SYSTEM32\IPHLPAPI.DLL
0x00007ff937370000 - 0x00007ff937378000 	C:\WINDOWS\System32\NSI.dll
0x00007ff92f4a0000 - 0x00007ff92f4b6000 	C:\WINDOWS\SYSTEM32\dhcpcsvc6.DLL
0x00007ff92f8e0000 - 0x00007ff92f8fc000 	C:\WINDOWS\SYSTEM32\dhcpcsvc.DLL
0x00007ff935640000 - 0x00007ff93570a000 	C:\WINDOWS\SYSTEM32\DNSAPI.dll

VM Arguments:
jvm_args: -XX:MaxMetaspaceSize=256m -XX:+HeapDumpOnOutOfMemoryError -Xms256m -Xmx512m -Dfile.encoding=windows-1252 -Duser.country=US -Duser.language=en -Duser.variant 
java_command: org.gradle.launcher.daemon.bootstrap.GradleDaemon 5.6.4
java_class_path (initial): C:\Users\Ahmad Jaber\.gradle\wrapper\dists\gradle-5.6.4-all\ankdp27end7byghfw1q2sw75f\gradle-5.6.4\lib\gradle-launcher-5.6.4.jar
Launcher Type: SUN_STANDARD

Environment Variables:
PATH=C:\WINDOWS\system32;C:\WINDOWS;C:\WINDOWS\System32\Wbem;C:\WINDOWS\System32\WindowsPowerShell\v1.0\;C:\WINDOWS\System32\OpenSSH\;C:\Program Files\Git\cmd;C:\MinGW\bin;C:\Users\Ahmad Jaber\AppData\Local\Microsoft\WindowsApps;C:\Users\Ahmad Jaber\AppData\Local\Programs\Microsoft VS Code\bin;C:\Users\Ahmad Jaber\AppData\Local\GitHubDesktop\bin;
USERNAME=Ahmad Jaber
OS=Windows_NT
PROCESSOR_IDENTIFIER=Intel64 Family 6 Model 142 Stepping 9, GenuineIntel



---------------  S Y S T E M  ---------------

OS: Windows 10.0 , 64 bit Build 18362 (10.0.18362.778)

CPU:total 4 (initial active 4) (2 cores per cpu, 2 threads per core) family 6 model 142 stepping 9, cmov, cx8, fxsr, mmx, sse, sse2, sse3, ssse3, sse4.1, sse4.2, popcnt, avx, avx2, aes, clmul, erms, 3dnowpref, lzcnt, ht, tsc, tscinvbit, bmi1, bmi2, adx

Memory: 4k page, physical 8253668k(1308832k free), swap 10219748k(4148k free)

vm_info: OpenJDK 64-Bit Server VM (25.212-b04) for windows-amd64 JRE (1.8.0_212-release-1586-b04), built by "builder" with MS VC++ 10.0 (VS2010)

time: Sat Apr 18 01:30:13 2020
timezone: Jordan Daylight Time
elapsed time: 27 seconds (0d 0h 0m 27s)

